WARNING - 2026-02-25 04:04:08 --> [DEPRECATED] Creation of dynamic property App\Controllers\Swagger::$db is deprecated in APPPATH\Controllers\BaseController.php on line 45.
 1 SYSTEMPATH\CodeIgniter.php(922): App\Controllers\BaseController->initController(Object(CodeIgniter\HTTP\IncomingRequest), Object(CodeIgniter\HTTP\Response), Object(CodeIgniter\Log\Logger))
 2 SYSTEMPATH\CodeIgniter.php(488): CodeIgniter\CodeIgniter->createController()
 3 SYSTEMPATH\CodeIgniter.php(340): CodeIgniter\CodeIgniter->handleRequest(null, Object(Config\Cache), false)
 4 SYSTEMPATH\Boot.php(417): CodeIgniter\CodeIgniter->run()
 5 SYSTEMPATH\Boot.php(68): CodeIgniter\Boot::runCodeIgniter(Object(CodeIgniter\CodeIgniter))
 6 FCPATH\index.php(59): CodeIgniter\Boot::bootWeb(Object(Config\Paths))
 7 SYSTEMPATH\rewrite.php(44): require_once('C:\\wamp\\www\\gestao-propostas\\public\\index.php')
WARNING - 2026-02-25 04:04:09 --> [DEPRECATED] Creation of dynamic property App\Controllers\Swagger::$db is deprecated in APPPATH\Controllers\BaseController.php on line 45.
 1 SYSTEMPATH\CodeIgniter.php(922): App\Controllers\BaseController->initController(Object(CodeIgniter\HTTP\IncomingRequest), Object(CodeIgniter\HTTP\Response), Object(CodeIgniter\Log\Logger))
 2 SYSTEMPATH\CodeIgniter.php(488): CodeIgniter\CodeIgniter->createController()
 3 SYSTEMPATH\CodeIgniter.php(340): CodeIgniter\CodeIgniter->handleRequest(null, Object(Config\Cache), false)
 4 SYSTEMPATH\Boot.php(417): CodeIgniter\CodeIgniter->run()
 5 SYSTEMPATH\Boot.php(68): CodeIgniter\Boot::runCodeIgniter(Object(CodeIgniter\CodeIgniter))
 6 FCPATH\index.php(59): CodeIgniter\Boot::bootWeb(Object(Config\Paths))
 7 SYSTEMPATH\rewrite.php(44): require_once('C:\\wamp\\www\\gestao-propostas\\public\\index.php')
WARNING - 2026-02-25 04:05:32 --> [DEPRECATED] Creation of dynamic property App\Controllers\Swagger::$db is deprecated in APPPATH\Controllers\BaseController.php on line 45.
 1 SYSTEMPATH\CodeIgniter.php(922): App\Controllers\BaseController->initController(Object(CodeIgniter\HTTP\IncomingRequest), Object(CodeIgniter\HTTP\Response), Object(CodeIgniter\Log\Logger))
 2 SYSTEMPATH\CodeIgniter.php(488): CodeIgniter\CodeIgniter->createController()
 3 SYSTEMPATH\CodeIgniter.php(340): CodeIgniter\CodeIgniter->handleRequest(null, Object(Config\Cache), false)
 4 SYSTEMPATH\Boot.php(417): CodeIgniter\CodeIgniter->run()
 5 SYSTEMPATH\Boot.php(68): CodeIgniter\Boot::runCodeIgniter(Object(CodeIgniter\CodeIgniter))
 6 FCPATH\index.php(59): CodeIgniter\Boot::bootWeb(Object(Config\Paths))
 7 SYSTEMPATH\rewrite.php(44): require_once('C:\\wamp\\www\\gestao-propostas\\public\\index.php')
WARNING - 2026-02-25 04:05:38 --> [DEPRECATED] Creation of dynamic property App\Controllers\Swagger::$db is deprecated in APPPATH\Controllers\BaseController.php on line 45.
 1 SYSTEMPATH\CodeIgniter.php(922): App\Controllers\BaseController->initController(Object(CodeIgniter\HTTP\IncomingRequest), Object(CodeIgniter\HTTP\Response), Object(CodeIgniter\Log\Logger))
 2 SYSTEMPATH\CodeIgniter.php(488): CodeIgniter\CodeIgniter->createController()
 3 SYSTEMPATH\CodeIgniter.php(340): CodeIgniter\CodeIgniter->handleRequest(null, Object(Config\Cache), false)
 4 SYSTEMPATH\Boot.php(417): CodeIgniter\CodeIgniter->run()
 5 SYSTEMPATH\Boot.php(68): CodeIgniter\Boot::runCodeIgniter(Object(CodeIgniter\CodeIgniter))
 6 FCPATH\index.php(59): CodeIgniter\Boot::bootWeb(Object(Config\Paths))
 7 SYSTEMPATH\rewrite.php(44): require_once('C:\\wamp\\www\\gestao-propostas\\public\\index.php')
WARNING - 2026-02-25 04:06:06 --> [DEPRECATED] Creation of dynamic property App\Controllers\Api\V1\Proposta::$db is deprecated in APPPATH\Controllers\BaseController.php on line 45.
 1 SYSTEMPATH\CodeIgniter.php(922): App\Controllers\BaseController->initController(Object(CodeIgniter\HTTP\IncomingRequest), Object(CodeIgniter\HTTP\Response), Object(CodeIgniter\Log\Logger))
 2 SYSTEMPATH\CodeIgniter.php(488): CodeIgniter\CodeIgniter->createController()
 3 SYSTEMPATH\CodeIgniter.php(340): CodeIgniter\CodeIgniter->handleRequest(null, Object(Config\Cache), false)
 4 SYSTEMPATH\Boot.php(417): CodeIgniter\CodeIgniter->run()
 5 SYSTEMPATH\Boot.php(68): CodeIgniter\Boot::runCodeIgniter(Object(CodeIgniter\CodeIgniter))
 6 FCPATH\index.php(59): CodeIgniter\Boot::bootWeb(Object(Config\Paths))
 7 SYSTEMPATH\rewrite.php(44): require_once('C:\\wamp\\www\\gestao-propostas\\public\\index.php')
WARNING - 2026-02-25 04:06:22 --> [DEPRECATED] Creation of dynamic property App\Controllers\Api\V1\Proposta::$db is deprecated in APPPATH\Controllers\BaseController.php on line 45.
 1 SYSTEMPATH\CodeIgniter.php(922): App\Controllers\BaseController->initController(Object(CodeIgniter\HTTP\IncomingRequest), Object(CodeIgniter\HTTP\Response), Object(CodeIgniter\Log\Logger))
 2 SYSTEMPATH\CodeIgniter.php(488): CodeIgniter\CodeIgniter->createController()
 3 SYSTEMPATH\CodeIgniter.php(340): CodeIgniter\CodeIgniter->handleRequest(null, Object(Config\Cache), false)
 4 SYSTEMPATH\Boot.php(417): CodeIgniter\CodeIgniter->run()
 5 SYSTEMPATH\Boot.php(68): CodeIgniter\Boot::runCodeIgniter(Object(CodeIgniter\CodeIgniter))
 6 FCPATH\index.php(59): CodeIgniter\Boot::bootWeb(Object(Config\Paths))
 7 SYSTEMPATH\rewrite.php(44): require_once('C:\\wamp\\www\\gestao-propostas\\public\\index.php')
WARNING - 2026-02-25 04:08:23 --> [DEPRECATED] Creation of dynamic property App\Controllers\Swagger::$db is deprecated in APPPATH\Controllers\BaseController.php on line 45.
 1 SYSTEMPATH\CodeIgniter.php(922): App\Controllers\BaseController->initController(Object(CodeIgniter\HTTP\IncomingRequest), Object(CodeIgniter\HTTP\Response), Object(CodeIgniter\Log\Logger))
 2 SYSTEMPATH\CodeIgniter.php(488): CodeIgniter\CodeIgniter->createController()
 3 SYSTEMPATH\CodeIgniter.php(340): CodeIgniter\CodeIgniter->handleRequest(null, Object(Config\Cache), false)
 4 SYSTEMPATH\Boot.php(417): CodeIgniter\CodeIgniter->run()
 5 SYSTEMPATH\Boot.php(68): CodeIgniter\Boot::runCodeIgniter(Object(CodeIgniter\CodeIgniter))
 6 FCPATH\index.php(59): CodeIgniter\Boot::bootWeb(Object(Config\Paths))
 7 SYSTEMPATH\rewrite.php(44): require_once('C:\\wamp\\www\\gestao-propostas\\public\\index.php')
CRITICAL - 2026-02-25 04:08:23 --> ErrorException: Multiple @OA\Response() with the same response="200":
  \App\Controllers\Api\V1\Proposta->change_status() in C:\wamp\www\gestao-propostas\app\Controllers\Api\V1\Proposta.php on line 147
  \App\Controllers\Api\V1\Proposta->change_status() in C:\wamp\www\gestao-propostas\app\Controllers\Api\V1\Proposta.php on line 147
[Method: GET, Route: api/v1/docs/generate]
in VENDORPATH\zircote\swagger-php\src\Loggers\DefaultLogger.php on line 23.
 1 [internal function]: CodeIgniter\Debug\Exceptions->errorHandler(512, 'Multiple @OA\\Response() with the same response="200":
  \\App\\Controllers\\Api\\V1\\Proposta->change_status() in C:\\wamp\\www\\gestao-propostas\\app\\Controllers\\Api\\V1\\Proposta.php on line 147
  \\App\\Controllers\\Api\\V1\\Proposta->change_status() in C:\\wamp\\www\\gestao-propostas\\app\\Controllers\\Api\\V1\\Proposta.php on line 147', 'C:\\wamp\\www\\gestao-propostas\\vendor\\zircote\\swagger-php\\src\\Loggers\\DefaultLogger.php', 23)
 2 VENDORPATH\zircote\swagger-php\src\Loggers\DefaultLogger.php(23): trigger_error('Multiple @OA\\Response() with the same response="200":
  \\App\\Controllers\\Api\\V1\\Proposta->change_status() in C:\\wamp\\www\\gestao-propostas\\app\\Controllers\\Api\\V1\\Proposta.php on line 147
  \\App\\Controllers\\Api\\V1\\Proposta->change_status() in C:\\wamp\\www\\gestao-propostas\\app\\Controllers\\Api\\V1\\Proposta.php on line 147', 512)
 3 VENDORPATH\psr\log\src\LoggerTrait.php(50): OpenApi\Loggers\DefaultLogger->log('error', 'Multiple @OA\\Response() with the same response="200":
  \\App\\Controllers\\Api\\V1\\Proposta->change_status() in C:\\wamp\\www\\gestao-propostas\\app\\Controllers\\Api\\V1\\Proposta.php on line 147
  \\App\\Controllers\\Api\\V1\\Proposta->change_status() in C:\\wamp\\www\\gestao-propostas\\app\\Controllers\\Api\\V1\\Proposta.php on line 147', [])
 4 VENDORPATH\zircote\swagger-php\src\Annotations\AbstractAnnotation.php(477): Psr\Log\AbstractLogger->error('Multiple @OA\\Response() with the same response="200":
  \\App\\Controllers\\Api\\V1\\Proposta->change_status() in C:\\wamp\\www\\gestao-propostas\\app\\Controllers\\Api\\V1\\Proposta.php on line 147
  \\App\\Controllers\\Api\\V1\\Proposta->change_status() in C:\\wamp\\www\\gestao-propostas\\app\\Controllers\\Api\\V1\\Proposta.php on line 147')
 5 VENDORPATH\zircote\swagger-php\src\Annotations\Operation.php(219): OpenApi\Annotations\AbstractAnnotation->validate([...], [...], '#/paths/5/post', Object(stdClass))
 6 VENDORPATH\zircote\swagger-php\src\Annotations\AbstractAnnotation.php(571): OpenApi\Annotations\Operation->validate([...], [...], '#/paths/5/post', Object(stdClass))
 7 VENDORPATH\zircote\swagger-php\src\Annotations\AbstractAnnotation.php(544): OpenApi\Annotations\AbstractAnnotation::_validate(Object(OpenApi\Annotations\PathItem), [...], [...], '#/paths/5', Object(stdClass))
 8 VENDORPATH\zircote\swagger-php\src\Annotations\AbstractAnnotation.php(571): OpenApi\Annotations\AbstractAnnotation->validate([...], [...], '#/paths/5', Object(stdClass))
 9 VENDORPATH\zircote\swagger-php\src\Annotations\AbstractAnnotation.php(577): OpenApi\Annotations\AbstractAnnotation::_validate([...], [...], [...], '#/paths', Object(stdClass))
10 VENDORPATH\zircote\swagger-php\src\Annotations\AbstractAnnotation.php(544): OpenApi\Annotations\AbstractAnnotation::_validate(Object(OpenApi\Annotations\OpenApi), [...], [...], '#', Object(stdClass))
11 VENDORPATH\zircote\swagger-php\src\Annotations\OpenApi.php(191): OpenApi\Annotations\AbstractAnnotation->validate([...], [], '#', Object(stdClass))
12 VENDORPATH\zircote\swagger-php\src\Analysis.php(392): OpenApi\Annotations\OpenApi->validate()
13 VENDORPATH\zircote\swagger-php\src\Generator.php(408): OpenApi\Analysis->validate()
14 APPPATH\Controllers\Swagger.php(13): OpenApi\Generator->generate([...])
15 SYSTEMPATH\CodeIgniter.php(951): App\Controllers\Swagger->generate()
16 SYSTEMPATH\CodeIgniter.php(497): CodeIgniter\CodeIgniter->runController(Object(App\Controllers\Swagger))
17 SYSTEMPATH\CodeIgniter.php(340): CodeIgniter\CodeIgniter->handleRequest(null, Object(Config\Cache), false)
18 SYSTEMPATH\Boot.php(417): CodeIgniter\CodeIgniter->run()
19 SYSTEMPATH\Boot.php(68): CodeIgniter\Boot::runCodeIgniter(Object(CodeIgniter\CodeIgniter))
20 FCPATH\index.php(59): CodeIgniter\Boot::bootWeb(Object(Config\Paths))
21 SYSTEMPATH\rewrite.php(44): require_once('C:\\wamp\\www\\gestao-propostas\\public\\index.php')
WARNING - 2026-02-25 04:09:31 --> [DEPRECATED] Creation of dynamic property App\Controllers\Swagger::$db is deprecated in APPPATH\Controllers\BaseController.php on line 45.
 1 SYSTEMPATH\CodeIgniter.php(922): App\Controllers\BaseController->initController(Object(CodeIgniter\HTTP\IncomingRequest), Object(CodeIgniter\HTTP\Response), Object(CodeIgniter\Log\Logger))
 2 SYSTEMPATH\CodeIgniter.php(488): CodeIgniter\CodeIgniter->createController()
 3 SYSTEMPATH\CodeIgniter.php(340): CodeIgniter\CodeIgniter->handleRequest(null, Object(Config\Cache), false)
 4 SYSTEMPATH\Boot.php(417): CodeIgniter\CodeIgniter->run()
 5 SYSTEMPATH\Boot.php(68): CodeIgniter\Boot::runCodeIgniter(Object(CodeIgniter\CodeIgniter))
 6 FCPATH\index.php(59): CodeIgniter\Boot::bootWeb(Object(Config\Paths))
 7 SYSTEMPATH\rewrite.php(44): require_once('C:\\wamp\\www\\gestao-propostas\\public\\index.php')
WARNING - 2026-02-25 04:09:34 --> [DEPRECATED] Creation of dynamic property App\Controllers\Swagger::$db is deprecated in APPPATH\Controllers\BaseController.php on line 45.
 1 SYSTEMPATH\CodeIgniter.php(922): App\Controllers\BaseController->initController(Object(CodeIgniter\HTTP\IncomingRequest), Object(CodeIgniter\HTTP\Response), Object(CodeIgniter\Log\Logger))
 2 SYSTEMPATH\CodeIgniter.php(488): CodeIgniter\CodeIgniter->createController()
 3 SYSTEMPATH\CodeIgniter.php(340): CodeIgniter\CodeIgniter->handleRequest(null, Object(Config\Cache), false)
 4 SYSTEMPATH\Boot.php(417): CodeIgniter\CodeIgniter->run()
 5 SYSTEMPATH\Boot.php(68): CodeIgniter\Boot::runCodeIgniter(Object(CodeIgniter\CodeIgniter))
 6 FCPATH\index.php(59): CodeIgniter\Boot::bootWeb(Object(Config\Paths))
 7 SYSTEMPATH\rewrite.php(44): require_once('C:\\wamp\\www\\gestao-propostas\\public\\index.php')
CRITICAL - 2026-02-25 04:09:34 --> ErrorException: Multiple @OA\Response() with the same response="200":
  \App\Controllers\Api\V1\Proposta->change_status() in C:\wamp\www\gestao-propostas\app\Controllers\Api\V1\Proposta.php on line 147
  \App\Controllers\Api\V1\Proposta->change_status() in C:\wamp\www\gestao-propostas\app\Controllers\Api\V1\Proposta.php on line 147
[Method: GET, Route: api/v1/docs/generate]
in VENDORPATH\zircote\swagger-php\src\Loggers\DefaultLogger.php on line 23.
 1 [internal function]: CodeIgniter\Debug\Exceptions->errorHandler(512, 'Multiple @OA\\Response() with the same response="200":
  \\App\\Controllers\\Api\\V1\\Proposta->change_status() in C:\\wamp\\www\\gestao-propostas\\app\\Controllers\\Api\\V1\\Proposta.php on line 147
  \\App\\Controllers\\Api\\V1\\Proposta->change_status() in C:\\wamp\\www\\gestao-propostas\\app\\Controllers\\Api\\V1\\Proposta.php on line 147', 'C:\\wamp\\www\\gestao-propostas\\vendor\\zircote\\swagger-php\\src\\Loggers\\DefaultLogger.php', 23)
 2 VENDORPATH\zircote\swagger-php\src\Loggers\DefaultLogger.php(23): trigger_error('Multiple @OA\\Response() with the same response="200":
  \\App\\Controllers\\Api\\V1\\Proposta->change_status() in C:\\wamp\\www\\gestao-propostas\\app\\Controllers\\Api\\V1\\Proposta.php on line 147
  \\App\\Controllers\\Api\\V1\\Proposta->change_status() in C:\\wamp\\www\\gestao-propostas\\app\\Controllers\\Api\\V1\\Proposta.php on line 147', 512)
 3 VENDORPATH\psr\log\src\LoggerTrait.php(50): OpenApi\Loggers\DefaultLogger->log('error', 'Multiple @OA\\Response() with the same response="200":
  \\App\\Controllers\\Api\\V1\\Proposta->change_status() in C:\\wamp\\www\\gestao-propostas\\app\\Controllers\\Api\\V1\\Proposta.php on line 147
  \\App\\Controllers\\Api\\V1\\Proposta->change_status() in C:\\wamp\\www\\gestao-propostas\\app\\Controllers\\Api\\V1\\Proposta.php on line 147', [])
 4 VENDORPATH\zircote\swagger-php\src\Annotations\AbstractAnnotation.php(477): Psr\Log\AbstractLogger->error('Multiple @OA\\Response() with the same response="200":
  \\App\\Controllers\\Api\\V1\\Proposta->change_status() in C:\\wamp\\www\\gestao-propostas\\app\\Controllers\\Api\\V1\\Proposta.php on line 147
  \\App\\Controllers\\Api\\V1\\Proposta->change_status() in C:\\wamp\\www\\gestao-propostas\\app\\Controllers\\Api\\V1\\Proposta.php on line 147')
 5 VENDORPATH\zircote\swagger-php\src\Annotations\Operation.php(219): OpenApi\Annotations\AbstractAnnotation->validate([...], [...], '#/paths/5/post', Object(stdClass))
 6 VENDORPATH\zircote\swagger-php\src\Annotations\AbstractAnnotation.php(571): OpenApi\Annotations\Operation->validate([...], [...], '#/paths/5/post', Object(stdClass))
 7 VENDORPATH\zircote\swagger-php\src\Annotations\AbstractAnnotation.php(544): OpenApi\Annotations\AbstractAnnotation::_validate(Object(OpenApi\Annotations\PathItem), [...], [...], '#/paths/5', Object(stdClass))
 8 VENDORPATH\zircote\swagger-php\src\Annotations\AbstractAnnotation.php(571): OpenApi\Annotations\AbstractAnnotation->validate([...], [...], '#/paths/5', Object(stdClass))
 9 VENDORPATH\zircote\swagger-php\src\Annotations\AbstractAnnotation.php(577): OpenApi\Annotations\AbstractAnnotation::_validate([...], [...], [...], '#/paths', Object(stdClass))
10 VENDORPATH\zircote\swagger-php\src\Annotations\AbstractAnnotation.php(544): OpenApi\Annotations\AbstractAnnotation::_validate(Object(OpenApi\Annotations\OpenApi), [...], [...], '#', Object(stdClass))
11 VENDORPATH\zircote\swagger-php\src\Annotations\OpenApi.php(191): OpenApi\Annotations\AbstractAnnotation->validate([...], [], '#', Object(stdClass))
12 VENDORPATH\zircote\swagger-php\src\Analysis.php(392): OpenApi\Annotations\OpenApi->validate()
13 VENDORPATH\zircote\swagger-php\src\Generator.php(408): OpenApi\Analysis->validate()
14 APPPATH\Controllers\Swagger.php(13): OpenApi\Generator->generate([...])
15 SYSTEMPATH\CodeIgniter.php(951): App\Controllers\Swagger->generate()
16 SYSTEMPATH\CodeIgniter.php(497): CodeIgniter\CodeIgniter->runController(Object(App\Controllers\Swagger))
17 SYSTEMPATH\CodeIgniter.php(340): CodeIgniter\CodeIgniter->handleRequest(null, Object(Config\Cache), false)
18 SYSTEMPATH\Boot.php(417): CodeIgniter\CodeIgniter->run()
19 SYSTEMPATH\Boot.php(68): CodeIgniter\Boot::runCodeIgniter(Object(CodeIgniter\CodeIgniter))
20 FCPATH\index.php(59): CodeIgniter\Boot::bootWeb(Object(Config\Paths))
21 SYSTEMPATH\rewrite.php(44): require_once('C:\\wamp\\www\\gestao-propostas\\public\\index.php')
WARNING - 2026-02-25 04:11:30 --> [DEPRECATED] Creation of dynamic property App\Controllers\Swagger::$db is deprecated in APPPATH\Controllers\BaseController.php on line 45.
 1 SYSTEMPATH\CodeIgniter.php(922): App\Controllers\BaseController->initController(Object(CodeIgniter\HTTP\IncomingRequest), Object(CodeIgniter\HTTP\Response), Object(CodeIgniter\Log\Logger))
 2 SYSTEMPATH\CodeIgniter.php(488): CodeIgniter\CodeIgniter->createController()
 3 SYSTEMPATH\CodeIgniter.php(340): CodeIgniter\CodeIgniter->handleRequest(null, Object(Config\Cache), false)
 4 SYSTEMPATH\Boot.php(417): CodeIgniter\CodeIgniter->run()
 5 SYSTEMPATH\Boot.php(68): CodeIgniter\Boot::runCodeIgniter(Object(CodeIgniter\CodeIgniter))
 6 FCPATH\index.php(59): CodeIgniter\Boot::bootWeb(Object(Config\Paths))
 7 SYSTEMPATH\rewrite.php(44): require_once('C:\\wamp\\www\\gestao-propostas\\public\\index.php')
WARNING - 2026-02-25 04:11:33 --> [DEPRECATED] Creation of dynamic property App\Controllers\Swagger::$db is deprecated in APPPATH\Controllers\BaseController.php on line 45.
 1 SYSTEMPATH\CodeIgniter.php(922): App\Controllers\BaseController->initController(Object(CodeIgniter\HTTP\IncomingRequest), Object(CodeIgniter\HTTP\Response), Object(CodeIgniter\Log\Logger))
 2 SYSTEMPATH\CodeIgniter.php(488): CodeIgniter\CodeIgniter->createController()
 3 SYSTEMPATH\CodeIgniter.php(340): CodeIgniter\CodeIgniter->handleRequest(null, Object(Config\Cache), false)
 4 SYSTEMPATH\Boot.php(417): CodeIgniter\CodeIgniter->run()
 5 SYSTEMPATH\Boot.php(68): CodeIgniter\Boot::runCodeIgniter(Object(CodeIgniter\CodeIgniter))
 6 FCPATH\index.php(59): CodeIgniter\Boot::bootWeb(Object(Config\Paths))
 7 SYSTEMPATH\rewrite.php(44): require_once('C:\\wamp\\www\\gestao-propostas\\public\\index.php')
CRITICAL - 2026-02-25 04:11:33 --> ErrorException: Multiple @OA\Response() with the same response="200":
  \App\Controllers\Api\V1\Proposta->change_status() in C:\wamp\www\gestao-propostas\app\Controllers\Api\V1\Proposta.php on line 144
  \App\Controllers\Api\V1\Proposta->change_status() in C:\wamp\www\gestao-propostas\app\Controllers\Api\V1\Proposta.php on line 144
[Method: GET, Route: api/v1/docs/generate]
in VENDORPATH\zircote\swagger-php\src\Loggers\DefaultLogger.php on line 23.
 1 [internal function]: CodeIgniter\Debug\Exceptions->errorHandler(512, 'Multiple @OA\\Response() with the same response="200":
  \\App\\Controllers\\Api\\V1\\Proposta->change_status() in C:\\wamp\\www\\gestao-propostas\\app\\Controllers\\Api\\V1\\Proposta.php on line 144
  \\App\\Controllers\\Api\\V1\\Proposta->change_status() in C:\\wamp\\www\\gestao-propostas\\app\\Controllers\\Api\\V1\\Proposta.php on line 144', 'C:\\wamp\\www\\gestao-propostas\\vendor\\zircote\\swagger-php\\src\\Loggers\\DefaultLogger.php', 23)
 2 VENDORPATH\zircote\swagger-php\src\Loggers\DefaultLogger.php(23): trigger_error('Multiple @OA\\Response() with the same response="200":
  \\App\\Controllers\\Api\\V1\\Proposta->change_status() in C:\\wamp\\www\\gestao-propostas\\app\\Controllers\\Api\\V1\\Proposta.php on line 144
  \\App\\Controllers\\Api\\V1\\Proposta->change_status() in C:\\wamp\\www\\gestao-propostas\\app\\Controllers\\Api\\V1\\Proposta.php on line 144', 512)
 3 VENDORPATH\psr\log\src\LoggerTrait.php(50): OpenApi\Loggers\DefaultLogger->log('error', 'Multiple @OA\\Response() with the same response="200":
  \\App\\Controllers\\Api\\V1\\Proposta->change_status() in C:\\wamp\\www\\gestao-propostas\\app\\Controllers\\Api\\V1\\Proposta.php on line 144
  \\App\\Controllers\\Api\\V1\\Proposta->change_status() in C:\\wamp\\www\\gestao-propostas\\app\\Controllers\\Api\\V1\\Proposta.php on line 144', [])
 4 VENDORPATH\zircote\swagger-php\src\Annotations\AbstractAnnotation.php(477): Psr\Log\AbstractLogger->error('Multiple @OA\\Response() with the same response="200":
  \\App\\Controllers\\Api\\V1\\Proposta->change_status() in C:\\wamp\\www\\gestao-propostas\\app\\Controllers\\Api\\V1\\Proposta.php on line 144
  \\App\\Controllers\\Api\\V1\\Proposta->change_status() in C:\\wamp\\www\\gestao-propostas\\app\\Controllers\\Api\\V1\\Proposta.php on line 144')
 5 VENDORPATH\zircote\swagger-php\src\Annotations\Operation.php(219): OpenApi\Annotations\AbstractAnnotation->validate([...], [...], '#/paths/5/post', Object(stdClass))
 6 VENDORPATH\zircote\swagger-php\src\Annotations\AbstractAnnotation.php(571): OpenApi\Annotations\Operation->validate([...], [...], '#/paths/5/post', Object(stdClass))
 7 VENDORPATH\zircote\swagger-php\src\Annotations\AbstractAnnotation.php(544): OpenApi\Annotations\AbstractAnnotation::_validate(Object(OpenApi\Annotations\PathItem), [...], [...], '#/paths/5', Object(stdClass))
 8 VENDORPATH\zircote\swagger-php\src\Annotations\AbstractAnnotation.php(571): OpenApi\Annotations\AbstractAnnotation->validate([...], [...], '#/paths/5', Object(stdClass))
 9 VENDORPATH\zircote\swagger-php\src\Annotations\AbstractAnnotation.php(577): OpenApi\Annotations\AbstractAnnotation::_validate([...], [...], [...], '#/paths', Object(stdClass))
10 VENDORPATH\zircote\swagger-php\src\Annotations\AbstractAnnotation.php(544): OpenApi\Annotations\AbstractAnnotation::_validate(Object(OpenApi\Annotations\OpenApi), [...], [...], '#', Object(stdClass))
11 VENDORPATH\zircote\swagger-php\src\Annotations\OpenApi.php(191): OpenApi\Annotations\AbstractAnnotation->validate([...], [], '#', Object(stdClass))
12 VENDORPATH\zircote\swagger-php\src\Analysis.php(392): OpenApi\Annotations\OpenApi->validate()
13 VENDORPATH\zircote\swagger-php\src\Generator.php(408): OpenApi\Analysis->validate()
14 APPPATH\Controllers\Swagger.php(13): OpenApi\Generator->generate([...])
15 SYSTEMPATH\CodeIgniter.php(951): App\Controllers\Swagger->generate()
16 SYSTEMPATH\CodeIgniter.php(497): CodeIgniter\CodeIgniter->runController(Object(App\Controllers\Swagger))
17 SYSTEMPATH\CodeIgniter.php(340): CodeIgniter\CodeIgniter->handleRequest(null, Object(Config\Cache), false)
18 SYSTEMPATH\Boot.php(417): CodeIgniter\CodeIgniter->run()
19 SYSTEMPATH\Boot.php(68): CodeIgniter\Boot::runCodeIgniter(Object(CodeIgniter\CodeIgniter))
20 FCPATH\index.php(59): CodeIgniter\Boot::bootWeb(Object(Config\Paths))
21 SYSTEMPATH\rewrite.php(44): require_once('C:\\wamp\\www\\gestao-propostas\\public\\index.php')
WARNING - 2026-02-25 04:11:41 --> [DEPRECATED] Creation of dynamic property App\Controllers\Swagger::$db is deprecated in APPPATH\Controllers\BaseController.php on line 45.
 1 SYSTEMPATH\CodeIgniter.php(922): App\Controllers\BaseController->initController(Object(CodeIgniter\HTTP\IncomingRequest), Object(CodeIgniter\HTTP\Response), Object(CodeIgniter\Log\Logger))
 2 SYSTEMPATH\CodeIgniter.php(488): CodeIgniter\CodeIgniter->createController()
 3 SYSTEMPATH\CodeIgniter.php(340): CodeIgniter\CodeIgniter->handleRequest(null, Object(Config\Cache), false)
 4 SYSTEMPATH\Boot.php(417): CodeIgniter\CodeIgniter->run()
 5 SYSTEMPATH\Boot.php(68): CodeIgniter\Boot::runCodeIgniter(Object(CodeIgniter\CodeIgniter))
 6 FCPATH\index.php(59): CodeIgniter\Boot::bootWeb(Object(Config\Paths))
 7 SYSTEMPATH\rewrite.php(44): require_once('C:\\wamp\\www\\gestao-propostas\\public\\index.php')
WARNING - 2026-02-25 04:11:43 --> [DEPRECATED] Creation of dynamic property App\Controllers\Swagger::$db is deprecated in APPPATH\Controllers\BaseController.php on line 45.
 1 SYSTEMPATH\CodeIgniter.php(922): App\Controllers\BaseController->initController(Object(CodeIgniter\HTTP\IncomingRequest), Object(CodeIgniter\HTTP\Response), Object(CodeIgniter\Log\Logger))
 2 SYSTEMPATH\CodeIgniter.php(488): CodeIgniter\CodeIgniter->createController()
 3 SYSTEMPATH\CodeIgniter.php(340): CodeIgniter\CodeIgniter->handleRequest(null, Object(Config\Cache), false)
 4 SYSTEMPATH\Boot.php(417): CodeIgniter\CodeIgniter->run()
 5 SYSTEMPATH\Boot.php(68): CodeIgniter\Boot::runCodeIgniter(Object(CodeIgniter\CodeIgniter))
 6 FCPATH\index.php(59): CodeIgniter\Boot::bootWeb(Object(Config\Paths))
 7 SYSTEMPATH\rewrite.php(44): require_once('C:\\wamp\\www\\gestao-propostas\\public\\index.php')
WARNING - 2026-02-25 04:12:04 --> [DEPRECATED] Creation of dynamic property App\Controllers\Swagger::$db is deprecated in APPPATH\Controllers\BaseController.php on line 45.
 1 SYSTEMPATH\CodeIgniter.php(922): App\Controllers\BaseController->initController(Object(CodeIgniter\HTTP\IncomingRequest), Object(CodeIgniter\HTTP\Response), Object(CodeIgniter\Log\Logger))
 2 SYSTEMPATH\CodeIgniter.php(488): CodeIgniter\CodeIgniter->createController()
 3 SYSTEMPATH\CodeIgniter.php(340): CodeIgniter\CodeIgniter->handleRequest(null, Object(Config\Cache), false)
 4 SYSTEMPATH\Boot.php(417): CodeIgniter\CodeIgniter->run()
 5 SYSTEMPATH\Boot.php(68): CodeIgniter\Boot::runCodeIgniter(Object(CodeIgniter\CodeIgniter))
 6 FCPATH\index.php(59): CodeIgniter\Boot::bootWeb(Object(Config\Paths))
 7 SYSTEMPATH\rewrite.php(44): require_once('C:\\wamp\\www\\gestao-propostas\\public\\index.php')
WARNING - 2026-02-25 04:12:05 --> [DEPRECATED] Creation of dynamic property App\Controllers\Swagger::$db is deprecated in APPPATH\Controllers\BaseController.php on line 45.
 1 SYSTEMPATH\CodeIgniter.php(922): App\Controllers\BaseController->initController(Object(CodeIgniter\HTTP\IncomingRequest), Object(CodeIgniter\HTTP\Response), Object(CodeIgniter\Log\Logger))
 2 SYSTEMPATH\CodeIgniter.php(488): CodeIgniter\CodeIgniter->createController()
 3 SYSTEMPATH\CodeIgniter.php(340): CodeIgniter\CodeIgniter->handleRequest(null, Object(Config\Cache), false)
 4 SYSTEMPATH\Boot.php(417): CodeIgniter\CodeIgniter->run()
 5 SYSTEMPATH\Boot.php(68): CodeIgniter\Boot::runCodeIgniter(Object(CodeIgniter\CodeIgniter))
 6 FCPATH\index.php(59): CodeIgniter\Boot::bootWeb(Object(Config\Paths))
 7 SYSTEMPATH\rewrite.php(44): require_once('C:\\wamp\\www\\gestao-propostas\\public\\index.php')
WARNING - 2026-02-25 04:12:14 --> [DEPRECATED] Creation of dynamic property App\Controllers\Api\V1\Proposta::$db is deprecated in APPPATH\Controllers\BaseController.php on line 45.
 1 SYSTEMPATH\CodeIgniter.php(922): App\Controllers\BaseController->initController(Object(CodeIgniter\HTTP\IncomingRequest), Object(CodeIgniter\HTTP\Response), Object(CodeIgniter\Log\Logger))
 2 SYSTEMPATH\CodeIgniter.php(488): CodeIgniter\CodeIgniter->createController()
 3 SYSTEMPATH\CodeIgniter.php(340): CodeIgniter\CodeIgniter->handleRequest(null, Object(Config\Cache), false)
 4 SYSTEMPATH\Boot.php(417): CodeIgniter\CodeIgniter->run()
 5 SYSTEMPATH\Boot.php(68): CodeIgniter\Boot::runCodeIgniter(Object(CodeIgniter\CodeIgniter))
 6 FCPATH\index.php(59): CodeIgniter\Boot::bootWeb(Object(Config\Paths))
 7 SYSTEMPATH\rewrite.php(44): require_once('C:\\wamp\\www\\gestao-propostas\\public\\index.php')
WARNING - 2026-02-25 04:12:34 --> [DEPRECATED] Creation of dynamic property App\Controllers\Api\V1\Proposta::$db is deprecated in APPPATH\Controllers\BaseController.php on line 45.
 1 SYSTEMPATH\CodeIgniter.php(922): App\Controllers\BaseController->initController(Object(CodeIgniter\HTTP\IncomingRequest), Object(CodeIgniter\HTTP\Response), Object(CodeIgniter\Log\Logger))
 2 SYSTEMPATH\CodeIgniter.php(488): CodeIgniter\CodeIgniter->createController()
 3 SYSTEMPATH\CodeIgniter.php(340): CodeIgniter\CodeIgniter->handleRequest(null, Object(Config\Cache), false)
 4 SYSTEMPATH\Boot.php(417): CodeIgniter\CodeIgniter->run()
 5 SYSTEMPATH\Boot.php(68): CodeIgniter\Boot::runCodeIgniter(Object(CodeIgniter\CodeIgniter))
 6 FCPATH\index.php(59): CodeIgniter\Boot::bootWeb(Object(Config\Paths))
 7 SYSTEMPATH\rewrite.php(44): require_once('C:\\wamp\\www\\gestao-propostas\\public\\index.php')
WARNING - 2026-02-25 04:12:48 --> [DEPRECATED] Creation of dynamic property App\Controllers\Api\V1\Proposta::$db is deprecated in APPPATH\Controllers\BaseController.php on line 45.
 1 SYSTEMPATH\CodeIgniter.php(922): App\Controllers\BaseController->initController(Object(CodeIgniter\HTTP\IncomingRequest), Object(CodeIgniter\HTTP\Response), Object(CodeIgniter\Log\Logger))
 2 SYSTEMPATH\CodeIgniter.php(488): CodeIgniter\CodeIgniter->createController()
 3 SYSTEMPATH\CodeIgniter.php(340): CodeIgniter\CodeIgniter->handleRequest(null, Object(Config\Cache), false)
 4 SYSTEMPATH\Boot.php(417): CodeIgniter\CodeIgniter->run()
 5 SYSTEMPATH\Boot.php(68): CodeIgniter\Boot::runCodeIgniter(Object(CodeIgniter\CodeIgniter))
 6 FCPATH\index.php(59): CodeIgniter\Boot::bootWeb(Object(Config\Paths))
 7 SYSTEMPATH\rewrite.php(44): require_once('C:\\wamp\\www\\gestao-propostas\\public\\index.php')
WARNING - 2026-02-25 04:13:00 --> [DEPRECATED] Creation of dynamic property App\Controllers\Api\V1\Proposta::$db is deprecated in APPPATH\Controllers\BaseController.php on line 45.
 1 SYSTEMPATH\CodeIgniter.php(922): App\Controllers\BaseController->initController(Object(CodeIgniter\HTTP\IncomingRequest), Object(CodeIgniter\HTTP\Response), Object(CodeIgniter\Log\Logger))
 2 SYSTEMPATH\CodeIgniter.php(488): CodeIgniter\CodeIgniter->createController()
 3 SYSTEMPATH\CodeIgniter.php(340): CodeIgniter\CodeIgniter->handleRequest(null, Object(Config\Cache), false)
 4 SYSTEMPATH\Boot.php(417): CodeIgniter\CodeIgniter->run()
 5 SYSTEMPATH\Boot.php(68): CodeIgniter\Boot::runCodeIgniter(Object(CodeIgniter\CodeIgniter))
 6 FCPATH\index.php(59): CodeIgniter\Boot::bootWeb(Object(Config\Paths))
 7 SYSTEMPATH\rewrite.php(44): require_once('C:\\wamp\\www\\gestao-propostas\\public\\index.php')
WARNING - 2026-02-25 04:25:28 --> [DEPRECATED] Creation of dynamic property App\Controllers\Swagger::$db is deprecated in APPPATH\Controllers\BaseController.php on line 45.
 1 SYSTEMPATH\CodeIgniter.php(922): App\Controllers\BaseController->initController(Object(CodeIgniter\HTTP\IncomingRequest), Object(CodeIgniter\HTTP\Response), Object(CodeIgniter\Log\Logger))
 2 SYSTEMPATH\CodeIgniter.php(488): CodeIgniter\CodeIgniter->createController()
 3 SYSTEMPATH\CodeIgniter.php(340): CodeIgniter\CodeIgniter->handleRequest(null, Object(Config\Cache), false)
 4 SYSTEMPATH\Boot.php(417): CodeIgniter\CodeIgniter->run()
 5 SYSTEMPATH\Boot.php(68): CodeIgniter\Boot::runCodeIgniter(Object(CodeIgniter\CodeIgniter))
 6 FCPATH\index.php(59): CodeIgniter\Boot::bootWeb(Object(Config\Paths))
 7 SYSTEMPATH\rewrite.php(44): require_once('C:\\wamp\\www\\gestao-propostas\\public\\index.php')
WARNING - 2026-02-25 04:25:39 --> [DEPRECATED] Creation of dynamic property App\Controllers\Api\V1\Proposta::$db is deprecated in APPPATH\Controllers\BaseController.php on line 45.
 1 SYSTEMPATH\CodeIgniter.php(922): App\Controllers\BaseController->initController(Object(CodeIgniter\HTTP\IncomingRequest), Object(CodeIgniter\HTTP\Response), Object(CodeIgniter\Log\Logger))
 2 SYSTEMPATH\CodeIgniter.php(488): CodeIgniter\CodeIgniter->createController()
 3 SYSTEMPATH\CodeIgniter.php(340): CodeIgniter\CodeIgniter->handleRequest(null, Object(Config\Cache), false)
 4 SYSTEMPATH\Boot.php(417): CodeIgniter\CodeIgniter->run()
 5 SYSTEMPATH\Boot.php(68): CodeIgniter\Boot::runCodeIgniter(Object(CodeIgniter\CodeIgniter))
 6 FCPATH\index.php(59): CodeIgniter\Boot::bootWeb(Object(Config\Paths))
 7 SYSTEMPATH\rewrite.php(44): require_once('C:\\wamp\\www\\gestao-propostas\\public\\index.php')
CRITICAL - 2026-02-25 04:25:39 --> ErrorException: Attempt to read property "status" on array
[Method: POST, Route: api/v1/proposta/1/approve]
in APPPATH\Controllers\Api\V1\Proposta.php on line 143.
 1 APPPATH\Controllers\Api\V1\Proposta.php(143): CodeIgniter\Debug\Exceptions->errorHandler(2, 'Attempt to read property "status" on array', 'C:\\wamp\\www\\gestao-propostas\\app\\Controllers\\Api\\V1\\Proposta.php', 143)
 2 SYSTEMPATH\CodeIgniter.php(951): App\Controllers\Api\V1\Proposta->change_status('1', 'APPROVED')
 3 SYSTEMPATH\CodeIgniter.php(497): CodeIgniter\CodeIgniter->runController(Object(App\Controllers\Api\V1\Proposta))
 4 SYSTEMPATH\CodeIgniter.php(340): CodeIgniter\CodeIgniter->handleRequest(null, Object(Config\Cache), false)
 5 SYSTEMPATH\Boot.php(417): CodeIgniter\CodeIgniter->run()
 6 SYSTEMPATH\Boot.php(68): CodeIgniter\Boot::runCodeIgniter(Object(CodeIgniter\CodeIgniter))
 7 FCPATH\index.php(59): CodeIgniter\Boot::bootWeb(Object(Config\Paths))
 8 SYSTEMPATH\rewrite.php(44): require_once('C:\\wamp\\www\\gestao-propostas\\public\\index.php')
WARNING - 2026-02-25 04:26:01 --> [DEPRECATED] Creation of dynamic property App\Controllers\Api\V1\Proposta::$db is deprecated in APPPATH\Controllers\BaseController.php on line 45.
 1 SYSTEMPATH\CodeIgniter.php(922): App\Controllers\BaseController->initController(Object(CodeIgniter\HTTP\IncomingRequest), Object(CodeIgniter\HTTP\Response), Object(CodeIgniter\Log\Logger))
 2 SYSTEMPATH\CodeIgniter.php(488): CodeIgniter\CodeIgniter->createController()
 3 SYSTEMPATH\CodeIgniter.php(340): CodeIgniter\CodeIgniter->handleRequest(null, Object(Config\Cache), false)
 4 SYSTEMPATH\Boot.php(417): CodeIgniter\CodeIgniter->run()
 5 SYSTEMPATH\Boot.php(68): CodeIgniter\Boot::runCodeIgniter(Object(CodeIgniter\CodeIgniter))
 6 FCPATH\index.php(59): CodeIgniter\Boot::bootWeb(Object(Config\Paths))
 7 SYSTEMPATH\rewrite.php(44): require_once('C:\\wamp\\www\\gestao-propostas\\public\\index.php')
WARNING - 2026-02-25 04:26:13 --> [DEPRECATED] Creation of dynamic property App\Controllers\Api\V1\Proposta::$db is deprecated in APPPATH\Controllers\BaseController.php on line 45.
 1 SYSTEMPATH\CodeIgniter.php(922): App\Controllers\BaseController->initController(Object(CodeIgniter\HTTP\IncomingRequest), Object(CodeIgniter\HTTP\Response), Object(CodeIgniter\Log\Logger))
 2 SYSTEMPATH\CodeIgniter.php(488): CodeIgniter\CodeIgniter->createController()
 3 SYSTEMPATH\CodeIgniter.php(340): CodeIgniter\CodeIgniter->handleRequest(null, Object(Config\Cache), false)
 4 SYSTEMPATH\Boot.php(417): CodeIgniter\CodeIgniter->run()
 5 SYSTEMPATH\Boot.php(68): CodeIgniter\Boot::runCodeIgniter(Object(CodeIgniter\CodeIgniter))
 6 FCPATH\index.php(59): CodeIgniter\Boot::bootWeb(Object(Config\Paths))
 7 SYSTEMPATH\rewrite.php(44): require_once('C:\\wamp\\www\\gestao-propostas\\public\\index.php')
WARNING - 2026-02-25 04:26:19 --> [DEPRECATED] Creation of dynamic property App\Controllers\Api\V1\Proposta::$db is deprecated in APPPATH\Controllers\BaseController.php on line 45.
 1 SYSTEMPATH\CodeIgniter.php(922): App\Controllers\BaseController->initController(Object(CodeIgniter\HTTP\IncomingRequest), Object(CodeIgniter\HTTP\Response), Object(CodeIgniter\Log\Logger))
 2 SYSTEMPATH\CodeIgniter.php(488): CodeIgniter\CodeIgniter->createController()
 3 SYSTEMPATH\CodeIgniter.php(340): CodeIgniter\CodeIgniter->handleRequest(null, Object(Config\Cache), false)
 4 SYSTEMPATH\Boot.php(417): CodeIgniter\CodeIgniter->run()
 5 SYSTEMPATH\Boot.php(68): CodeIgniter\Boot::runCodeIgniter(Object(CodeIgniter\CodeIgniter))
 6 FCPATH\index.php(59): CodeIgniter\Boot::bootWeb(Object(Config\Paths))
 7 SYSTEMPATH\rewrite.php(44): require_once('C:\\wamp\\www\\gestao-propostas\\public\\index.php')
WARNING - 2026-02-25 04:26:27 --> [DEPRECATED] Creation of dynamic property App\Controllers\Api\V1\Proposta::$db is deprecated in APPPATH\Controllers\BaseController.php on line 45.
 1 SYSTEMPATH\CodeIgniter.php(922): App\Controllers\BaseController->initController(Object(CodeIgniter\HTTP\IncomingRequest), Object(CodeIgniter\HTTP\Response), Object(CodeIgniter\Log\Logger))
 2 SYSTEMPATH\CodeIgniter.php(488): CodeIgniter\CodeIgniter->createController()
 3 SYSTEMPATH\CodeIgniter.php(340): CodeIgniter\CodeIgniter->handleRequest(null, Object(Config\Cache), false)
 4 SYSTEMPATH\Boot.php(417): CodeIgniter\CodeIgniter->run()
 5 SYSTEMPATH\Boot.php(68): CodeIgniter\Boot::runCodeIgniter(Object(CodeIgniter\CodeIgniter))
 6 FCPATH\index.php(59): CodeIgniter\Boot::bootWeb(Object(Config\Paths))
 7 SYSTEMPATH\rewrite.php(44): require_once('C:\\wamp\\www\\gestao-propostas\\public\\index.php')
WARNING - 2026-02-25 04:26:53 --> [DEPRECATED] Creation of dynamic property App\Controllers\Api\V1\Proposta::$db is deprecated in APPPATH\Controllers\BaseController.php on line 45.
 1 SYSTEMPATH\CodeIgniter.php(922): App\Controllers\BaseController->initController(Object(CodeIgniter\HTTP\IncomingRequest), Object(CodeIgniter\HTTP\Response), Object(CodeIgniter\Log\Logger))
 2 SYSTEMPATH\CodeIgniter.php(488): CodeIgniter\CodeIgniter->createController()
 3 SYSTEMPATH\CodeIgniter.php(340): CodeIgniter\CodeIgniter->handleRequest(null, Object(Config\Cache), false)
 4 SYSTEMPATH\Boot.php(417): CodeIgniter\CodeIgniter->run()
 5 SYSTEMPATH\Boot.php(68): CodeIgniter\Boot::runCodeIgniter(Object(CodeIgniter\CodeIgniter))
 6 FCPATH\index.php(59): CodeIgniter\Boot::bootWeb(Object(Config\Paths))
 7 SYSTEMPATH\rewrite.php(44): require_once('C:\\wamp\\www\\gestao-propostas\\public\\index.php')
WARNING - 2026-02-25 04:27:17 --> [DEPRECATED] Creation of dynamic property App\Controllers\Api\V1\Proposta::$db is deprecated in APPPATH\Controllers\BaseController.php on line 45.
 1 SYSTEMPATH\CodeIgniter.php(922): App\Controllers\BaseController->initController(Object(CodeIgniter\HTTP\IncomingRequest), Object(CodeIgniter\HTTP\Response), Object(CodeIgniter\Log\Logger))
 2 SYSTEMPATH\CodeIgniter.php(488): CodeIgniter\CodeIgniter->createController()
 3 SYSTEMPATH\CodeIgniter.php(340): CodeIgniter\CodeIgniter->handleRequest(null, Object(Config\Cache), false)
 4 SYSTEMPATH\Boot.php(417): CodeIgniter\CodeIgniter->run()
 5 SYSTEMPATH\Boot.php(68): CodeIgniter\Boot::runCodeIgniter(Object(CodeIgniter\CodeIgniter))
 6 FCPATH\index.php(59): CodeIgniter\Boot::bootWeb(Object(Config\Paths))
 7 SYSTEMPATH\rewrite.php(44): require_once('C:\\wamp\\www\\gestao-propostas\\public\\index.php')
WARNING - 2026-02-25 04:27:23 --> [DEPRECATED] Creation of dynamic property App\Controllers\Api\V1\Proposta::$db is deprecated in APPPATH\Controllers\BaseController.php on line 45.
 1 SYSTEMPATH\CodeIgniter.php(922): App\Controllers\BaseController->initController(Object(CodeIgniter\HTTP\IncomingRequest), Object(CodeIgniter\HTTP\Response), Object(CodeIgniter\Log\Logger))
 2 SYSTEMPATH\CodeIgniter.php(488): CodeIgniter\CodeIgniter->createController()
 3 SYSTEMPATH\CodeIgniter.php(340): CodeIgniter\CodeIgniter->handleRequest(null, Object(Config\Cache), false)
 4 SYSTEMPATH\Boot.php(417): CodeIgniter\CodeIgniter->run()
 5 SYSTEMPATH\Boot.php(68): CodeIgniter\Boot::runCodeIgniter(Object(CodeIgniter\CodeIgniter))
 6 FCPATH\index.php(59): CodeIgniter\Boot::bootWeb(Object(Config\Paths))
 7 SYSTEMPATH\rewrite.php(44): require_once('C:\\wamp\\www\\gestao-propostas\\public\\index.php')
WARNING - 2026-02-25 04:27:28 --> [DEPRECATED] Creation of dynamic property App\Controllers\Api\V1\Proposta::$db is deprecated in APPPATH\Controllers\BaseController.php on line 45.
 1 SYSTEMPATH\CodeIgniter.php(922): App\Controllers\BaseController->initController(Object(CodeIgniter\HTTP\IncomingRequest), Object(CodeIgniter\HTTP\Response), Object(CodeIgniter\Log\Logger))
 2 SYSTEMPATH\CodeIgniter.php(488): CodeIgniter\CodeIgniter->createController()
 3 SYSTEMPATH\CodeIgniter.php(340): CodeIgniter\CodeIgniter->handleRequest(null, Object(Config\Cache), false)
 4 SYSTEMPATH\Boot.php(417): CodeIgniter\CodeIgniter->run()
 5 SYSTEMPATH\Boot.php(68): CodeIgniter\Boot::runCodeIgniter(Object(CodeIgniter\CodeIgniter))
 6 FCPATH\index.php(59): CodeIgniter\Boot::bootWeb(Object(Config\Paths))
 7 SYSTEMPATH\rewrite.php(44): require_once('C:\\wamp\\www\\gestao-propostas\\public\\index.php')
WARNING - 2026-02-25 04:27:47 --> [DEPRECATED] Creation of dynamic property App\Controllers\Api\V1\Proposta::$db is deprecated in APPPATH\Controllers\BaseController.php on line 45.
 1 SYSTEMPATH\CodeIgniter.php(922): App\Controllers\BaseController->initController(Object(CodeIgniter\HTTP\IncomingRequest), Object(CodeIgniter\HTTP\Response), Object(CodeIgniter\Log\Logger))
 2 SYSTEMPATH\CodeIgniter.php(488): CodeIgniter\CodeIgniter->createController()
 3 SYSTEMPATH\CodeIgniter.php(340): CodeIgniter\CodeIgniter->handleRequest(null, Object(Config\Cache), false)
 4 SYSTEMPATH\Boot.php(417): CodeIgniter\CodeIgniter->run()
 5 SYSTEMPATH\Boot.php(68): CodeIgniter\Boot::runCodeIgniter(Object(CodeIgniter\CodeIgniter))
 6 FCPATH\index.php(59): CodeIgniter\Boot::bootWeb(Object(Config\Paths))
 7 SYSTEMPATH\rewrite.php(44): require_once('C:\\wamp\\www\\gestao-propostas\\public\\index.php')
WARNING - 2026-02-25 04:27:57 --> [DEPRECATED] Creation of dynamic property App\Controllers\Api\V1\Proposta::$db is deprecated in APPPATH\Controllers\BaseController.php on line 45.
 1 SYSTEMPATH\CodeIgniter.php(922): App\Controllers\BaseController->initController(Object(CodeIgniter\HTTP\IncomingRequest), Object(CodeIgniter\HTTP\Response), Object(CodeIgniter\Log\Logger))
 2 SYSTEMPATH\CodeIgniter.php(488): CodeIgniter\CodeIgniter->createController()
 3 SYSTEMPATH\CodeIgniter.php(340): CodeIgniter\CodeIgniter->handleRequest(null, Object(Config\Cache), false)
 4 SYSTEMPATH\Boot.php(417): CodeIgniter\CodeIgniter->run()
 5 SYSTEMPATH\Boot.php(68): CodeIgniter\Boot::runCodeIgniter(Object(CodeIgniter\CodeIgniter))
 6 FCPATH\index.php(59): CodeIgniter\Boot::bootWeb(Object(Config\Paths))
 7 SYSTEMPATH\rewrite.php(44): require_once('C:\\wamp\\www\\gestao-propostas\\public\\index.php')
WARNING - 2026-02-25 04:28:14 --> [DEPRECATED] Creation of dynamic property App\Controllers\Api\V1\Proposta::$db is deprecated in APPPATH\Controllers\BaseController.php on line 45.
 1 SYSTEMPATH\CodeIgniter.php(922): App\Controllers\BaseController->initController(Object(CodeIgniter\HTTP\IncomingRequest), Object(CodeIgniter\HTTP\Response), Object(CodeIgniter\Log\Logger))
 2 SYSTEMPATH\CodeIgniter.php(488): CodeIgniter\CodeIgniter->createController()
 3 SYSTEMPATH\CodeIgniter.php(340): CodeIgniter\CodeIgniter->handleRequest(null, Object(Config\Cache), false)
 4 SYSTEMPATH\Boot.php(417): CodeIgniter\CodeIgniter->run()
 5 SYSTEMPATH\Boot.php(68): CodeIgniter\Boot::runCodeIgniter(Object(CodeIgniter\CodeIgniter))
 6 FCPATH\index.php(59): CodeIgniter\Boot::bootWeb(Object(Config\Paths))
 7 SYSTEMPATH\rewrite.php(44): require_once('C:\\wamp\\www\\gestao-propostas\\public\\index.php')
WARNING - 2026-02-25 04:28:18 --> [DEPRECATED] Creation of dynamic property App\Controllers\Swagger::$db is deprecated in APPPATH\Controllers\BaseController.php on line 45.
 1 SYSTEMPATH\CodeIgniter.php(922): App\Controllers\BaseController->initController(Object(CodeIgniter\HTTP\IncomingRequest), Object(CodeIgniter\HTTP\Response), Object(CodeIgniter\Log\Logger))
 2 SYSTEMPATH\CodeIgniter.php(488): CodeIgniter\CodeIgniter->createController()
 3 SYSTEMPATH\CodeIgniter.php(340): CodeIgniter\CodeIgniter->handleRequest(null, Object(Config\Cache), false)
 4 SYSTEMPATH\Boot.php(417): CodeIgniter\CodeIgniter->run()
 5 SYSTEMPATH\Boot.php(68): CodeIgniter\Boot::runCodeIgniter(Object(CodeIgniter\CodeIgniter))
 6 FCPATH\index.php(59): CodeIgniter\Boot::bootWeb(Object(Config\Paths))
 7 SYSTEMPATH\rewrite.php(44): require_once('C:\\wamp\\www\\gestao-propostas\\public\\index.php')
WARNING - 2026-02-25 04:28:35 --> [DEPRECATED] Creation of dynamic property App\Controllers\Api\V1\Proposta::$db is deprecated in APPPATH\Controllers\BaseController.php on line 45.
 1 SYSTEMPATH\CodeIgniter.php(922): App\Controllers\BaseController->initController(Object(CodeIgniter\HTTP\IncomingRequest), Object(CodeIgniter\HTTP\Response), Object(CodeIgniter\Log\Logger))
 2 SYSTEMPATH\CodeIgniter.php(488): CodeIgniter\CodeIgniter->createController()
 3 SYSTEMPATH\CodeIgniter.php(340): CodeIgniter\CodeIgniter->handleRequest(null, Object(Config\Cache), false)
 4 SYSTEMPATH\Boot.php(417): CodeIgniter\CodeIgniter->run()
 5 SYSTEMPATH\Boot.php(68): CodeIgniter\Boot::runCodeIgniter(Object(CodeIgniter\CodeIgniter))
 6 FCPATH\index.php(59): CodeIgniter\Boot::bootWeb(Object(Config\Paths))
 7 SYSTEMPATH\rewrite.php(44): require_once('C:\\wamp\\www\\gestao-propostas\\public\\index.php')
WARNING - 2026-02-25 04:28:40 --> [DEPRECATED] Creation of dynamic property App\Controllers\Api\V1\Proposta::$db is deprecated in APPPATH\Controllers\BaseController.php on line 45.
 1 SYSTEMPATH\CodeIgniter.php(922): App\Controllers\BaseController->initController(Object(CodeIgniter\HTTP\IncomingRequest), Object(CodeIgniter\HTTP\Response), Object(CodeIgniter\Log\Logger))
 2 SYSTEMPATH\CodeIgniter.php(488): CodeIgniter\CodeIgniter->createController()
 3 SYSTEMPATH\CodeIgniter.php(340): CodeIgniter\CodeIgniter->handleRequest(null, Object(Config\Cache), false)
 4 SYSTEMPATH\Boot.php(417): CodeIgniter\CodeIgniter->run()
 5 SYSTEMPATH\Boot.php(68): CodeIgniter\Boot::runCodeIgniter(Object(CodeIgniter\CodeIgniter))
 6 FCPATH\index.php(59): CodeIgniter\Boot::bootWeb(Object(Config\Paths))
 7 SYSTEMPATH\rewrite.php(44): require_once('C:\\wamp\\www\\gestao-propostas\\public\\index.php')
WARNING - 2026-02-25 04:28:44 --> [DEPRECATED] Creation of dynamic property App\Controllers\Api\V1\Proposta::$db is deprecated in APPPATH\Controllers\BaseController.php on line 45.
 1 SYSTEMPATH\CodeIgniter.php(922): App\Controllers\BaseController->initController(Object(CodeIgniter\HTTP\IncomingRequest), Object(CodeIgniter\HTTP\Response), Object(CodeIgniter\Log\Logger))
 2 SYSTEMPATH\CodeIgniter.php(488): CodeIgniter\CodeIgniter->createController()
 3 SYSTEMPATH\CodeIgniter.php(340): CodeIgniter\CodeIgniter->handleRequest(null, Object(Config\Cache), false)
 4 SYSTEMPATH\Boot.php(417): CodeIgniter\CodeIgniter->run()
 5 SYSTEMPATH\Boot.php(68): CodeIgniter\Boot::runCodeIgniter(Object(CodeIgniter\CodeIgniter))
 6 FCPATH\index.php(59): CodeIgniter\Boot::bootWeb(Object(Config\Paths))
 7 SYSTEMPATH\rewrite.php(44): require_once('C:\\wamp\\www\\gestao-propostas\\public\\index.php')
WARNING - 2026-02-25 04:37:43 --> [DEPRECATED] Creation of dynamic property App\Controllers\Api\V1\Proposta::$db is deprecated in APPPATH\Controllers\BaseController.php on line 45.
 1 SYSTEMPATH\CodeIgniter.php(922): App\Controllers\BaseController->initController(Object(CodeIgniter\HTTP\IncomingRequest), Object(CodeIgniter\HTTP\Response), Object(CodeIgniter\Log\Logger))
 2 SYSTEMPATH\CodeIgniter.php(488): CodeIgniter\CodeIgniter->createController()
 3 SYSTEMPATH\CodeIgniter.php(340): CodeIgniter\CodeIgniter->handleRequest(null, Object(Config\Cache), false)
 4 SYSTEMPATH\Boot.php(417): CodeIgniter\CodeIgniter->run()
 5 SYSTEMPATH\Boot.php(68): CodeIgniter\Boot::runCodeIgniter(Object(CodeIgniter\CodeIgniter))
 6 FCPATH\index.php(59): CodeIgniter\Boot::bootWeb(Object(Config\Paths))
 7 SYSTEMPATH\rewrite.php(44): require_once('C:\\wamp\\www\\gestao-propostas\\public\\index.php')
WARNING - 2026-02-25 04:38:39 --> [DEPRECATED] Creation of dynamic property App\Controllers\Api\V1\Proposta::$db is deprecated in APPPATH\Controllers\BaseController.php on line 45.
 1 SYSTEMPATH\CodeIgniter.php(922): App\Controllers\BaseController->initController(Object(CodeIgniter\HTTP\IncomingRequest), Object(CodeIgniter\HTTP\Response), Object(CodeIgniter\Log\Logger))
 2 SYSTEMPATH\CodeIgniter.php(488): CodeIgniter\CodeIgniter->createController()
 3 SYSTEMPATH\CodeIgniter.php(340): CodeIgniter\CodeIgniter->handleRequest(null, Object(Config\Cache), false)
 4 SYSTEMPATH\Boot.php(417): CodeIgniter\CodeIgniter->run()
 5 SYSTEMPATH\Boot.php(68): CodeIgniter\Boot::runCodeIgniter(Object(CodeIgniter\CodeIgniter))
 6 FCPATH\index.php(59): CodeIgniter\Boot::bootWeb(Object(Config\Paths))
 7 SYSTEMPATH\rewrite.php(44): require_once('C:\\wamp\\www\\gestao-propostas\\public\\index.php')
WARNING - 2026-02-25 04:43:52 --> [DEPRECATED] Creation of dynamic property App\Controllers\Swagger::$db is deprecated in APPPATH\Controllers\BaseController.php on line 45.
 1 SYSTEMPATH\CodeIgniter.php(922): App\Controllers\BaseController->initController(Object(CodeIgniter\HTTP\IncomingRequest), Object(CodeIgniter\HTTP\Response), Object(CodeIgniter\Log\Logger))
 2 SYSTEMPATH\CodeIgniter.php(488): CodeIgniter\CodeIgniter->createController()
 3 SYSTEMPATH\CodeIgniter.php(340): CodeIgniter\CodeIgniter->handleRequest(null, Object(Config\Cache), false)
 4 SYSTEMPATH\Boot.php(417): CodeIgniter\CodeIgniter->run()
 5 SYSTEMPATH\Boot.php(68): CodeIgniter\Boot::runCodeIgniter(Object(CodeIgniter\CodeIgniter))
 6 FCPATH\index.php(59): CodeIgniter\Boot::bootWeb(Object(Config\Paths))
 7 SYSTEMPATH\rewrite.php(44): require_once('C:\\wamp\\www\\gestao-propostas\\public\\index.php')
WARNING - 2026-02-25 04:43:59 --> [DEPRECATED] Creation of dynamic property App\Controllers\Swagger::$db is deprecated in APPPATH\Controllers\BaseController.php on line 45.
 1 SYSTEMPATH\CodeIgniter.php(922): App\Controllers\BaseController->initController(Object(CodeIgniter\HTTP\IncomingRequest), Object(CodeIgniter\HTTP\Response), Object(CodeIgniter\Log\Logger))
 2 SYSTEMPATH\CodeIgniter.php(488): CodeIgniter\CodeIgniter->createController()
 3 SYSTEMPATH\CodeIgniter.php(340): CodeIgniter\CodeIgniter->handleRequest(null, Object(Config\Cache), false)
 4 SYSTEMPATH\Boot.php(417): CodeIgniter\CodeIgniter->run()
 5 SYSTEMPATH\Boot.php(68): CodeIgniter\Boot::runCodeIgniter(Object(CodeIgniter\CodeIgniter))
 6 FCPATH\index.php(59): CodeIgniter\Boot::bootWeb(Object(Config\Paths))
 7 SYSTEMPATH\rewrite.php(44): require_once('C:\\wamp\\www\\gestao-propostas\\public\\index.php')
WARNING - 2026-02-25 04:44:00 --> [DEPRECATED] Creation of dynamic property App\Controllers\Swagger::$db is deprecated in APPPATH\Controllers\BaseController.php on line 45.
 1 SYSTEMPATH\CodeIgniter.php(922): App\Controllers\BaseController->initController(Object(CodeIgniter\HTTP\IncomingRequest), Object(CodeIgniter\HTTP\Response), Object(CodeIgniter\Log\Logger))
 2 SYSTEMPATH\CodeIgniter.php(488): CodeIgniter\CodeIgniter->createController()
 3 SYSTEMPATH\CodeIgniter.php(340): CodeIgniter\CodeIgniter->handleRequest(null, Object(Config\Cache), false)
 4 SYSTEMPATH\Boot.php(417): CodeIgniter\CodeIgniter->run()
 5 SYSTEMPATH\Boot.php(68): CodeIgniter\Boot::runCodeIgniter(Object(CodeIgniter\CodeIgniter))
 6 FCPATH\index.php(59): CodeIgniter\Boot::bootWeb(Object(Config\Paths))
 7 SYSTEMPATH\rewrite.php(44): require_once('C:\\wamp\\www\\gestao-propostas\\public\\index.php')
WARNING - 2026-02-25 04:44:28 --> [DEPRECATED] Creation of dynamic property App\Controllers\Swagger::$db is deprecated in APPPATH\Controllers\BaseController.php on line 45.
 1 SYSTEMPATH\CodeIgniter.php(922): App\Controllers\BaseController->initController(Object(CodeIgniter\HTTP\IncomingRequest), Object(CodeIgniter\HTTP\Response), Object(CodeIgniter\Log\Logger))
 2 SYSTEMPATH\CodeIgniter.php(488): CodeIgniter\CodeIgniter->createController()
 3 SYSTEMPATH\CodeIgniter.php(340): CodeIgniter\CodeIgniter->handleRequest(null, Object(Config\Cache), false)
 4 SYSTEMPATH\Boot.php(417): CodeIgniter\CodeIgniter->run()
 5 SYSTEMPATH\Boot.php(68): CodeIgniter\Boot::runCodeIgniter(Object(CodeIgniter\CodeIgniter))
 6 FCPATH\index.php(59): CodeIgniter\Boot::bootWeb(Object(Config\Paths))
 7 SYSTEMPATH\rewrite.php(44): require_once('C:\\wamp\\www\\gestao-propostas\\public\\index.php')
WARNING - 2026-02-25 04:45:13 --> [DEPRECATED] Creation of dynamic property App\Controllers\Swagger::$db is deprecated in APPPATH\Controllers\BaseController.php on line 45.
 1 SYSTEMPATH\CodeIgniter.php(922): App\Controllers\BaseController->initController(Object(CodeIgniter\HTTP\IncomingRequest), Object(CodeIgniter\HTTP\Response), Object(CodeIgniter\Log\Logger))
 2 SYSTEMPATH\CodeIgniter.php(488): CodeIgniter\CodeIgniter->createController()
 3 SYSTEMPATH\CodeIgniter.php(340): CodeIgniter\CodeIgniter->handleRequest(null, Object(Config\Cache), false)
 4 SYSTEMPATH\Boot.php(417): CodeIgniter\CodeIgniter->run()
 5 SYSTEMPATH\Boot.php(68): CodeIgniter\Boot::runCodeIgniter(Object(CodeIgniter\CodeIgniter))
 6 FCPATH\index.php(59): CodeIgniter\Boot::bootWeb(Object(Config\Paths))
 7 SYSTEMPATH\rewrite.php(44): require_once('C:\\wamp\\www\\gestao-propostas\\public\\index.php')
WARNING - 2026-02-25 04:45:31 --> [DEPRECATED] Creation of dynamic property App\Controllers\Swagger::$db is deprecated in APPPATH\Controllers\BaseController.php on line 45.
 1 SYSTEMPATH\CodeIgniter.php(922): App\Controllers\BaseController->initController(Object(CodeIgniter\HTTP\IncomingRequest), Object(CodeIgniter\HTTP\Response), Object(CodeIgniter\Log\Logger))
 2 SYSTEMPATH\CodeIgniter.php(488): CodeIgniter\CodeIgniter->createController()
 3 SYSTEMPATH\CodeIgniter.php(340): CodeIgniter\CodeIgniter->handleRequest(null, Object(Config\Cache), false)
 4 SYSTEMPATH\Boot.php(417): CodeIgniter\CodeIgniter->run()
 5 SYSTEMPATH\Boot.php(68): CodeIgniter\Boot::runCodeIgniter(Object(CodeIgniter\CodeIgniter))
 6 FCPATH\index.php(59): CodeIgniter\Boot::bootWeb(Object(Config\Paths))
 7 SYSTEMPATH\rewrite.php(44): require_once('C:\\wamp\\www\\gestao-propostas\\public\\index.php')
WARNING - 2026-02-25 04:45:33 --> [DEPRECATED] Creation of dynamic property App\Controllers\Swagger::$db is deprecated in APPPATH\Controllers\BaseController.php on line 45.
 1 SYSTEMPATH\CodeIgniter.php(922): App\Controllers\BaseController->initController(Object(CodeIgniter\HTTP\IncomingRequest), Object(CodeIgniter\HTTP\Response), Object(CodeIgniter\Log\Logger))
 2 SYSTEMPATH\CodeIgniter.php(488): CodeIgniter\CodeIgniter->createController()
 3 SYSTEMPATH\CodeIgniter.php(340): CodeIgniter\CodeIgniter->handleRequest(null, Object(Config\Cache), false)
 4 SYSTEMPATH\Boot.php(417): CodeIgniter\CodeIgniter->run()
 5 SYSTEMPATH\Boot.php(68): CodeIgniter\Boot::runCodeIgniter(Object(CodeIgniter\CodeIgniter))
 6 FCPATH\index.php(59): CodeIgniter\Boot::bootWeb(Object(Config\Paths))
 7 SYSTEMPATH\rewrite.php(44): require_once('C:\\wamp\\www\\gestao-propostas\\public\\index.php')
WARNING - 2026-02-25 04:45:42 --> [DEPRECATED] Creation of dynamic property App\Controllers\Api\V1\Proposta::$db is deprecated in APPPATH\Controllers\BaseController.php on line 45.
 1 SYSTEMPATH\CodeIgniter.php(922): App\Controllers\BaseController->initController(Object(CodeIgniter\HTTP\IncomingRequest), Object(CodeIgniter\HTTP\Response), Object(CodeIgniter\Log\Logger))
 2 SYSTEMPATH\CodeIgniter.php(488): CodeIgniter\CodeIgniter->createController()
 3 SYSTEMPATH\CodeIgniter.php(340): CodeIgniter\CodeIgniter->handleRequest(null, Object(Config\Cache), false)
 4 SYSTEMPATH\Boot.php(417): CodeIgniter\CodeIgniter->run()
 5 SYSTEMPATH\Boot.php(68): CodeIgniter\Boot::runCodeIgniter(Object(CodeIgniter\CodeIgniter))
 6 FCPATH\index.php(59): CodeIgniter\Boot::bootWeb(Object(Config\Paths))
 7 SYSTEMPATH\rewrite.php(44): require_once('C:\\wamp\\www\\gestao-propostas\\public\\index.php')
WARNING - 2026-02-25 04:51:21 --> [DEPRECATED] Creation of dynamic property App\Controllers\Swagger::$db is deprecated in APPPATH\Controllers\BaseController.php on line 45.
 1 SYSTEMPATH\CodeIgniter.php(922): App\Controllers\BaseController->initController(Object(CodeIgniter\HTTP\IncomingRequest), Object(CodeIgniter\HTTP\Response), Object(CodeIgniter\Log\Logger))
 2 SYSTEMPATH\CodeIgniter.php(488): CodeIgniter\CodeIgniter->createController()
 3 SYSTEMPATH\CodeIgniter.php(340): CodeIgniter\CodeIgniter->handleRequest(null, Object(Config\Cache), false)
 4 SYSTEMPATH\Boot.php(417): CodeIgniter\CodeIgniter->run()
 5 SYSTEMPATH\Boot.php(68): CodeIgniter\Boot::runCodeIgniter(Object(CodeIgniter\CodeIgniter))
 6 FCPATH\index.php(59): CodeIgniter\Boot::bootWeb(Object(Config\Paths))
 7 SYSTEMPATH\rewrite.php(44): require_once('C:\\wamp\\www\\gestao-propostas\\public\\index.php')
WARNING - 2026-02-25 04:51:23 --> [DEPRECATED] Creation of dynamic property App\Controllers\Swagger::$db is deprecated in APPPATH\Controllers\BaseController.php on line 45.
 1 SYSTEMPATH\CodeIgniter.php(922): App\Controllers\BaseController->initController(Object(CodeIgniter\HTTP\IncomingRequest), Object(CodeIgniter\HTTP\Response), Object(CodeIgniter\Log\Logger))
 2 SYSTEMPATH\CodeIgniter.php(488): CodeIgniter\CodeIgniter->createController()
 3 SYSTEMPATH\CodeIgniter.php(340): CodeIgniter\CodeIgniter->handleRequest(null, Object(Config\Cache), false)
 4 SYSTEMPATH\Boot.php(417): CodeIgniter\CodeIgniter->run()
 5 SYSTEMPATH\Boot.php(68): CodeIgniter\Boot::runCodeIgniter(Object(CodeIgniter\CodeIgniter))
 6 FCPATH\index.php(59): CodeIgniter\Boot::bootWeb(Object(Config\Paths))
 7 SYSTEMPATH\rewrite.php(44): require_once('C:\\wamp\\www\\gestao-propostas\\public\\index.php')
WARNING - 2026-02-25 04:52:20 --> [DEPRECATED] Creation of dynamic property App\Controllers\Api\V1\Proposta::$db is deprecated in APPPATH\Controllers\BaseController.php on line 45.
 1 SYSTEMPATH\CodeIgniter.php(922): App\Controllers\BaseController->initController(Object(CodeIgniter\HTTP\IncomingRequest), Object(CodeIgniter\HTTP\Response), Object(CodeIgniter\Log\Logger))
 2 SYSTEMPATH\CodeIgniter.php(488): CodeIgniter\CodeIgniter->createController()
 3 SYSTEMPATH\CodeIgniter.php(340): CodeIgniter\CodeIgniter->handleRequest(null, Object(Config\Cache), false)
 4 SYSTEMPATH\Boot.php(417): CodeIgniter\CodeIgniter->run()
 5 SYSTEMPATH\Boot.php(68): CodeIgniter\Boot::runCodeIgniter(Object(CodeIgniter\CodeIgniter))
 6 FCPATH\index.php(59): CodeIgniter\Boot::bootWeb(Object(Config\Paths))
 7 SYSTEMPATH\rewrite.php(44): require_once('C:\\wamp\\www\\gestao-propostas\\public\\index.php')
WARNING - 2026-02-25 04:52:26 --> [DEPRECATED] Creation of dynamic property App\Controllers\Api\V1\Proposta::$db is deprecated in APPPATH\Controllers\BaseController.php on line 45.
 1 SYSTEMPATH\CodeIgniter.php(922): App\Controllers\BaseController->initController(Object(CodeIgniter\HTTP\IncomingRequest), Object(CodeIgniter\HTTP\Response), Object(CodeIgniter\Log\Logger))
 2 SYSTEMPATH\CodeIgniter.php(488): CodeIgniter\CodeIgniter->createController()
 3 SYSTEMPATH\CodeIgniter.php(340): CodeIgniter\CodeIgniter->handleRequest(null, Object(Config\Cache), false)
 4 SYSTEMPATH\Boot.php(417): CodeIgniter\CodeIgniter->run()
 5 SYSTEMPATH\Boot.php(68): CodeIgniter\Boot::runCodeIgniter(Object(CodeIgniter\CodeIgniter))
 6 FCPATH\index.php(59): CodeIgniter\Boot::bootWeb(Object(Config\Paths))
 7 SYSTEMPATH\rewrite.php(44): require_once('C:\\wamp\\www\\gestao-propostas\\public\\index.php')
WARNING - 2026-02-25 04:52:30 --> [DEPRECATED] Creation of dynamic property App\Controllers\Api\V1\Proposta::$db is deprecated in APPPATH\Controllers\BaseController.php on line 45.
 1 SYSTEMPATH\CodeIgniter.php(922): App\Controllers\BaseController->initController(Object(CodeIgniter\HTTP\IncomingRequest), Object(CodeIgniter\HTTP\Response), Object(CodeIgniter\Log\Logger))
 2 SYSTEMPATH\CodeIgniter.php(488): CodeIgniter\CodeIgniter->createController()
 3 SYSTEMPATH\CodeIgniter.php(340): CodeIgniter\CodeIgniter->handleRequest(null, Object(Config\Cache), false)
 4 SYSTEMPATH\Boot.php(417): CodeIgniter\CodeIgniter->run()
 5 SYSTEMPATH\Boot.php(68): CodeIgniter\Boot::runCodeIgniter(Object(CodeIgniter\CodeIgniter))
 6 FCPATH\index.php(59): CodeIgniter\Boot::bootWeb(Object(Config\Paths))
 7 SYSTEMPATH\rewrite.php(44): require_once('C:\\wamp\\www\\gestao-propostas\\public\\index.php')
WARNING - 2026-02-25 04:52:51 --> [DEPRECATED] Creation of dynamic property App\Controllers\Api\V1\Proposta::$db is deprecated in APPPATH\Controllers\BaseController.php on line 45.
 1 SYSTEMPATH\CodeIgniter.php(922): App\Controllers\BaseController->initController(Object(CodeIgniter\HTTP\IncomingRequest), Object(CodeIgniter\HTTP\Response), Object(CodeIgniter\Log\Logger))
 2 SYSTEMPATH\CodeIgniter.php(488): CodeIgniter\CodeIgniter->createController()
 3 SYSTEMPATH\CodeIgniter.php(340): CodeIgniter\CodeIgniter->handleRequest(null, Object(Config\Cache), false)
 4 SYSTEMPATH\Boot.php(417): CodeIgniter\CodeIgniter->run()
 5 SYSTEMPATH\Boot.php(68): CodeIgniter\Boot::runCodeIgniter(Object(CodeIgniter\CodeIgniter))
 6 FCPATH\index.php(59): CodeIgniter\Boot::bootWeb(Object(Config\Paths))
 7 SYSTEMPATH\rewrite.php(44): require_once('C:\\wamp\\www\\gestao-propostas\\public\\index.php')
CRITICAL - 2026-02-25 04:52:51 --> Error: Call to undefined method CodeIgniter\Database\MySQLi\Result::getRresultArray()
[Method: GET, Route: api/v1/proposta/1/auditoria]
in APPPATH\Controllers\Api\V1\Proposta.php on line 174.
 1 SYSTEMPATH\CodeIgniter.php(951): App\Controllers\Api\V1\Proposta->auditoria('1')
 2 SYSTEMPATH\CodeIgniter.php(497): CodeIgniter\CodeIgniter->runController(Object(App\Controllers\Api\V1\Proposta))
 3 SYSTEMPATH\CodeIgniter.php(340): CodeIgniter\CodeIgniter->handleRequest(null, Object(Config\Cache), false)
 4 SYSTEMPATH\Boot.php(417): CodeIgniter\CodeIgniter->run()
 5 SYSTEMPATH\Boot.php(68): CodeIgniter\Boot::runCodeIgniter(Object(CodeIgniter\CodeIgniter))
 6 FCPATH\index.php(59): CodeIgniter\Boot::bootWeb(Object(Config\Paths))
 7 SYSTEMPATH\rewrite.php(44): require_once('C:\\wamp\\www\\gestao-propostas\\public\\index.php')
WARNING - 2026-02-25 04:53:01 --> [DEPRECATED] Creation of dynamic property App\Controllers\Api\V1\Proposta::$db is deprecated in APPPATH\Controllers\BaseController.php on line 45.
 1 SYSTEMPATH\CodeIgniter.php(922): App\Controllers\BaseController->initController(Object(CodeIgniter\HTTP\IncomingRequest), Object(CodeIgniter\HTTP\Response), Object(CodeIgniter\Log\Logger))
 2 SYSTEMPATH\CodeIgniter.php(488): CodeIgniter\CodeIgniter->createController()
 3 SYSTEMPATH\CodeIgniter.php(340): CodeIgniter\CodeIgniter->handleRequest(null, Object(Config\Cache), false)
 4 SYSTEMPATH\Boot.php(417): CodeIgniter\CodeIgniter->run()
 5 SYSTEMPATH\Boot.php(68): CodeIgniter\Boot::runCodeIgniter(Object(CodeIgniter\CodeIgniter))
 6 FCPATH\index.php(59): CodeIgniter\Boot::bootWeb(Object(Config\Paths))
 7 SYSTEMPATH\rewrite.php(44): require_once('C:\\wamp\\www\\gestao-propostas\\public\\index.php')
WARNING - 2026-02-25 04:53:08 --> [DEPRECATED] Creation of dynamic property App\Controllers\Api\V1\Proposta::$db is deprecated in APPPATH\Controllers\BaseController.php on line 45.
 1 SYSTEMPATH\CodeIgniter.php(922): App\Controllers\BaseController->initController(Object(CodeIgniter\HTTP\IncomingRequest), Object(CodeIgniter\HTTP\Response), Object(CodeIgniter\Log\Logger))
 2 SYSTEMPATH\CodeIgniter.php(488): CodeIgniter\CodeIgniter->createController()
 3 SYSTEMPATH\CodeIgniter.php(340): CodeIgniter\CodeIgniter->handleRequest(null, Object(Config\Cache), false)
 4 SYSTEMPATH\Boot.php(417): CodeIgniter\CodeIgniter->run()
 5 SYSTEMPATH\Boot.php(68): CodeIgniter\Boot::runCodeIgniter(Object(CodeIgniter\CodeIgniter))
 6 FCPATH\index.php(59): CodeIgniter\Boot::bootWeb(Object(Config\Paths))
 7 SYSTEMPATH\rewrite.php(44): require_once('C:\\wamp\\www\\gestao-propostas\\public\\index.php')
WARNING - 2026-02-25 04:54:06 --> [DEPRECATED] Creation of dynamic property App\Controllers\Api\V1\Proposta::$db is deprecated in APPPATH\Controllers\BaseController.php on line 45.
 1 SYSTEMPATH\CodeIgniter.php(922): App\Controllers\BaseController->initController(Object(CodeIgniter\HTTP\IncomingRequest), Object(CodeIgniter\HTTP\Response), Object(CodeIgniter\Log\Logger))
 2 SYSTEMPATH\CodeIgniter.php(488): CodeIgniter\CodeIgniter->createController()
 3 SYSTEMPATH\CodeIgniter.php(340): CodeIgniter\CodeIgniter->handleRequest(null, Object(Config\Cache), false)
 4 SYSTEMPATH\Boot.php(417): CodeIgniter\CodeIgniter->run()
 5 SYSTEMPATH\Boot.php(68): CodeIgniter\Boot::runCodeIgniter(Object(CodeIgniter\CodeIgniter))
 6 FCPATH\index.php(59): CodeIgniter\Boot::bootWeb(Object(Config\Paths))
 7 SYSTEMPATH\rewrite.php(44): require_once('C:\\wamp\\www\\gestao-propostas\\public\\index.php')
WARNING - 2026-02-25 04:54:12 --> [DEPRECATED] Creation of dynamic property App\Controllers\Api\V1\Proposta::$db is deprecated in APPPATH\Controllers\BaseController.php on line 45.
 1 SYSTEMPATH\CodeIgniter.php(922): App\Controllers\BaseController->initController(Object(CodeIgniter\HTTP\IncomingRequest), Object(CodeIgniter\HTTP\Response), Object(CodeIgniter\Log\Logger))
 2 SYSTEMPATH\CodeIgniter.php(488): CodeIgniter\CodeIgniter->createController()
 3 SYSTEMPATH\CodeIgniter.php(340): CodeIgniter\CodeIgniter->handleRequest(null, Object(Config\Cache), false)
 4 SYSTEMPATH\Boot.php(417): CodeIgniter\CodeIgniter->run()
 5 SYSTEMPATH\Boot.php(68): CodeIgniter\Boot::runCodeIgniter(Object(CodeIgniter\CodeIgniter))
 6 FCPATH\index.php(59): CodeIgniter\Boot::bootWeb(Object(Config\Paths))
 7 SYSTEMPATH\rewrite.php(44): require_once('C:\\wamp\\www\\gestao-propostas\\public\\index.php')
WARNING - 2026-02-25 04:54:36 --> [DEPRECATED] Creation of dynamic property App\Controllers\Api\V1\Proposta::$db is deprecated in APPPATH\Controllers\BaseController.php on line 45.
 1 SYSTEMPATH\CodeIgniter.php(922): App\Controllers\BaseController->initController(Object(CodeIgniter\HTTP\IncomingRequest), Object(CodeIgniter\HTTP\Response), Object(CodeIgniter\Log\Logger))
 2 SYSTEMPATH\CodeIgniter.php(488): CodeIgniter\CodeIgniter->createController()
 3 SYSTEMPATH\CodeIgniter.php(340): CodeIgniter\CodeIgniter->handleRequest(null, Object(Config\Cache), false)
 4 SYSTEMPATH\Boot.php(417): CodeIgniter\CodeIgniter->run()
 5 SYSTEMPATH\Boot.php(68): CodeIgniter\Boot::runCodeIgniter(Object(CodeIgniter\CodeIgniter))
 6 FCPATH\index.php(59): CodeIgniter\Boot::bootWeb(Object(Config\Paths))
 7 SYSTEMPATH\rewrite.php(44): require_once('C:\\wamp\\www\\gestao-propostas\\public\\index.php')
WARNING - 2026-02-25 04:54:42 --> [DEPRECATED] Creation of dynamic property App\Controllers\Api\V1\Proposta::$db is deprecated in APPPATH\Controllers\BaseController.php on line 45.
 1 SYSTEMPATH\CodeIgniter.php(922): App\Controllers\BaseController->initController(Object(CodeIgniter\HTTP\IncomingRequest), Object(CodeIgniter\HTTP\Response), Object(CodeIgniter\Log\Logger))
 2 SYSTEMPATH\CodeIgniter.php(488): CodeIgniter\CodeIgniter->createController()
 3 SYSTEMPATH\CodeIgniter.php(340): CodeIgniter\CodeIgniter->handleRequest(null, Object(Config\Cache), false)
 4 SYSTEMPATH\Boot.php(417): CodeIgniter\CodeIgniter->run()
 5 SYSTEMPATH\Boot.php(68): CodeIgniter\Boot::runCodeIgniter(Object(CodeIgniter\CodeIgniter))
 6 FCPATH\index.php(59): CodeIgniter\Boot::bootWeb(Object(Config\Paths))
 7 SYSTEMPATH\rewrite.php(44): require_once('C:\\wamp\\www\\gestao-propostas\\public\\index.php')
WARNING - 2026-02-25 04:54:44 --> [DEPRECATED] Creation of dynamic property App\Controllers\Api\V1\Proposta::$db is deprecated in APPPATH\Controllers\BaseController.php on line 45.
 1 SYSTEMPATH\CodeIgniter.php(922): App\Controllers\BaseController->initController(Object(CodeIgniter\HTTP\IncomingRequest), Object(CodeIgniter\HTTP\Response), Object(CodeIgniter\Log\Logger))
 2 SYSTEMPATH\CodeIgniter.php(488): CodeIgniter\CodeIgniter->createController()
 3 SYSTEMPATH\CodeIgniter.php(340): CodeIgniter\CodeIgniter->handleRequest(null, Object(Config\Cache), false)
 4 SYSTEMPATH\Boot.php(417): CodeIgniter\CodeIgniter->run()
 5 SYSTEMPATH\Boot.php(68): CodeIgniter\Boot::runCodeIgniter(Object(CodeIgniter\CodeIgniter))
 6 FCPATH\index.php(59): CodeIgniter\Boot::bootWeb(Object(Config\Paths))
 7 SYSTEMPATH\rewrite.php(44): require_once('C:\\wamp\\www\\gestao-propostas\\public\\index.php')
WARNING - 2026-02-25 04:54:46 --> [DEPRECATED] Creation of dynamic property App\Controllers\Api\V1\Proposta::$db is deprecated in APPPATH\Controllers\BaseController.php on line 45.
 1 SYSTEMPATH\CodeIgniter.php(922): App\Controllers\BaseController->initController(Object(CodeIgniter\HTTP\IncomingRequest), Object(CodeIgniter\HTTP\Response), Object(CodeIgniter\Log\Logger))
 2 SYSTEMPATH\CodeIgniter.php(488): CodeIgniter\CodeIgniter->createController()
 3 SYSTEMPATH\CodeIgniter.php(340): CodeIgniter\CodeIgniter->handleRequest(null, Object(Config\Cache), false)
 4 SYSTEMPATH\Boot.php(417): CodeIgniter\CodeIgniter->run()
 5 SYSTEMPATH\Boot.php(68): CodeIgniter\Boot::runCodeIgniter(Object(CodeIgniter\CodeIgniter))
 6 FCPATH\index.php(59): CodeIgniter\Boot::bootWeb(Object(Config\Paths))
 7 SYSTEMPATH\rewrite.php(44): require_once('C:\\wamp\\www\\gestao-propostas\\public\\index.php')
WARNING - 2026-02-25 04:54:48 --> [DEPRECATED] Creation of dynamic property App\Controllers\Api\V1\Proposta::$db is deprecated in APPPATH\Controllers\BaseController.php on line 45.
 1 SYSTEMPATH\CodeIgniter.php(922): App\Controllers\BaseController->initController(Object(CodeIgniter\HTTP\IncomingRequest), Object(CodeIgniter\HTTP\Response), Object(CodeIgniter\Log\Logger))
 2 SYSTEMPATH\CodeIgniter.php(488): CodeIgniter\CodeIgniter->createController()
 3 SYSTEMPATH\CodeIgniter.php(340): CodeIgniter\CodeIgniter->handleRequest(null, Object(Config\Cache), false)
 4 SYSTEMPATH\Boot.php(417): CodeIgniter\CodeIgniter->run()
 5 SYSTEMPATH\Boot.php(68): CodeIgniter\Boot::runCodeIgniter(Object(CodeIgniter\CodeIgniter))
 6 FCPATH\index.php(59): CodeIgniter\Boot::bootWeb(Object(Config\Paths))
 7 SYSTEMPATH\rewrite.php(44): require_once('C:\\wamp\\www\\gestao-propostas\\public\\index.php')
WARNING - 2026-02-25 04:54:56 --> [DEPRECATED] Creation of dynamic property App\Controllers\Api\V1\Proposta::$db is deprecated in APPPATH\Controllers\BaseController.php on line 45.
 1 SYSTEMPATH\CodeIgniter.php(922): App\Controllers\BaseController->initController(Object(CodeIgniter\HTTP\IncomingRequest), Object(CodeIgniter\HTTP\Response), Object(CodeIgniter\Log\Logger))
 2 SYSTEMPATH\CodeIgniter.php(488): CodeIgniter\CodeIgniter->createController()
 3 SYSTEMPATH\CodeIgniter.php(340): CodeIgniter\CodeIgniter->handleRequest(null, Object(Config\Cache), false)
 4 SYSTEMPATH\Boot.php(417): CodeIgniter\CodeIgniter->run()
 5 SYSTEMPATH\Boot.php(68): CodeIgniter\Boot::runCodeIgniter(Object(CodeIgniter\CodeIgniter))
 6 FCPATH\index.php(59): CodeIgniter\Boot::bootWeb(Object(Config\Paths))
 7 SYSTEMPATH\rewrite.php(44): require_once('C:\\wamp\\www\\gestao-propostas\\public\\index.php')
WARNING - 2026-02-25 04:55:00 --> [DEPRECATED] Creation of dynamic property App\Controllers\Api\V1\Proposta::$db is deprecated in APPPATH\Controllers\BaseController.php on line 45.
 1 SYSTEMPATH\CodeIgniter.php(922): App\Controllers\BaseController->initController(Object(CodeIgniter\HTTP\IncomingRequest), Object(CodeIgniter\HTTP\Response), Object(CodeIgniter\Log\Logger))
 2 SYSTEMPATH\CodeIgniter.php(488): CodeIgniter\CodeIgniter->createController()
 3 SYSTEMPATH\CodeIgniter.php(340): CodeIgniter\CodeIgniter->handleRequest(null, Object(Config\Cache), false)
 4 SYSTEMPATH\Boot.php(417): CodeIgniter\CodeIgniter->run()
 5 SYSTEMPATH\Boot.php(68): CodeIgniter\Boot::runCodeIgniter(Object(CodeIgniter\CodeIgniter))
 6 FCPATH\index.php(59): CodeIgniter\Boot::bootWeb(Object(Config\Paths))
 7 SYSTEMPATH\rewrite.php(44): require_once('C:\\wamp\\www\\gestao-propostas\\public\\index.php')
